Using pre-set license
Built from '2020.3/staging' branch; Version is '2020.3.6f1 (338bb68529b2) revision 3378102'; Using compiler version '192528614'; Build Type 'Release'
<<<<<<< Updated upstream
OS: 'Windows 8.1  (6.3.0) 64bit' Language: 'es' Physical Memory: 16299 MB
=======
OS: 'Windows 10 Home; OS build 19042.964; Version 2009; 64bit' Language: 'en' Physical Memory: 16221 MB
>>>>>>> Stashed changes
BatchMode: 1, IsHumanControllingUs: 0, StartBugReporterOnCrash: 0, Is64bit: 1, IsPro: 0

 COMMAND LINE ARGUMENTS:
C:\Program Files\Unity\Hub\Editor\2020.3.6f1\Editor\Unity.exe
-adb2
-batchMode
-noUpm
-name
AssetImportWorker0
-projectPath
<<<<<<< Updated upstream
P:/Carrera de VideoJuegos/CositasHaciendose/Super-Mate-Adventures
-logFile
Logs/AssetImportWorker0.log
-srvPort
49546
Successfully changed project path to: P:/Carrera de VideoJuegos/CositasHaciendose/Super-Mate-Adventures
P:/Carrera de VideoJuegos/CositasHaciendose/Super-Mate-Adventures
Using Asset Import Pipeline V2.
Refreshing native plugins compatible for Editor in 31.46 ms, found 0 plugins.
Preloading 0 native plugins for Editor in 0.00 ms.
Initialize engine version: 2020.3.6f1 (338bb68529b2)
[Subsystems] Discovering subsystems at path C:/Program Files/Unity/Hub/Editor/2020.3.6f1/Editor/Data/Resources/UnitySubsystems
[Subsystems] Discovering subsystems at path P:/Carrera de VideoJuegos/CositasHaciendose/Super-Mate-Adventures/Assets
=======
D:/I See Red/Super-Mate-Adventures
-logFile
Logs/AssetImportWorker0.log
-srvPort
60742
Successfully changed project path to: D:/I See Red/Super-Mate-Adventures
D:/I See Red/Super-Mate-Adventures
Using Asset Import Pipeline V2.
Refreshing native plugins compatible for Editor in 22.15 ms, found 0 plugins.
Preloading 0 native plugins for Editor in 0.00 ms.
Initialize engine version: 2020.3.6f1 (338bb68529b2)
[Subsystems] Discovering subsystems at path C:/Program Files/Unity/Hub/Editor/2020.3.6f1/Editor/Data/Resources/UnitySubsystems
[Subsystems] Discovering subsystems at path D:/I See Red/Super-Mate-Adventures/Assets
>>>>>>> Stashed changes
GfxDevice: creating device client; threaded=0
d3d11: QueryInterface(IDXGIFactory5) failed (80004002).
Direct3D:
    Version:  Direct3D 11.0 [level 11.1]
<<<<<<< Updated upstream
    Renderer: NVIDIA GeForce GTX 970 (ID=0x13c2)
    Vendor:   
    VRAM:     3992 MB
    Driver:   27.21.14.6172
=======
    Renderer: NVIDIA GeForce RTX 2060 (ID=0x1f15)
    Vendor:   
    VRAM:     5980 MB
    Driver:   27.21.14.6589
>>>>>>> Stashed changes
Initialize mono
Mono path[0] = 'C:/Program Files/Unity/Hub/Editor/2020.3.6f1/Editor/Data/Managed'
Mono path[1] = 'C:/Program Files/Unity/Hub/Editor/2020.3.6f1/Editor/Data/MonoBleedingEdge/lib/mono/unityjit'
Mono config path = 'C:/Program Files/Unity/Hub/Editor/2020.3.6f1/Editor/Data/MonoBleedingEdge/etc'
<<<<<<< Updated upstream
Using monoOptions --debugger-agent=transport=dt_socket,embedding=1,server=y,suspend=n,address=127.0.0.1:56328
Begin MonoManager ReloadAssembly
Registering precompiled unity dll's ...
Register platform support module: C:/Program Files/Unity/Hub/Editor/2020.3.6f1/Editor/Data/PlaybackEngines/WindowsStandaloneSupport/UnityEditor.WindowsStandalone.Extensions.dll
Registered in 0.001122 seconds.
Native extension for WindowsStandalone target not found
Refreshing native plugins compatible for Editor in 26.86 ms, found 0 plugins.
Preloading 0 native plugins for Editor in 0.00 ms.
Mono: successfully reloaded assembly
- Completed reload, in  1.781 seconds
Platform modules already initialized, skipping
Registering precompiled user dll's ...
Registered in 0.000518 seconds.
Begin MonoManager ReloadAssembly
Native extension for WindowsStandalone target not found
Refreshing native plugins compatible for Editor in 0.22 ms, found 0 plugins.
Preloading 0 native plugins for Editor in 0.00 ms.
Mono: successfully reloaded assembly
- Completed reload, in  0.904 seconds
Platform modules already initialized, skipping
========================================================================
Worker process is ready to serve import requests
Launched and connected shader compiler UnityShaderCompiler.exe after 0.03 seconds
Refreshing native plugins compatible for Editor in 0.31 ms, found 0 plugins.
Preloading 0 native plugins for Editor in 0.00 ms.
Unloading 1167 Unused Serialized files (Serialized files now loaded: 0)
System memory in use before: 70.9 MB.
System memory in use after: 70.9 MB.

Unloading 9 unused Assets to reduce memory usage. Loaded Objects now: 1630.
Total: 2.313308 ms (FindLiveObjects: 0.334918 ms CreateObjectMapping: 0.082446 ms MarkObjects: 1.768585 ms  DeleteObjects: 0.125755 ms)

========================================================================
Received Import Request.
  path: Assets/FalopaFran/Resources/CorePlayer.prefab
  artifactKey: Guid(55da5e3cae5c6104bafd7c6f43dd1103) Importer(815301076,1909f56bfc062723c751e8b465ee728b)
Start importing Assets/FalopaFran/Resources/CorePlayer.prefab using Guid(55da5e3cae5c6104bafd7c6f43dd1103) Importer(815301076,1909f56bfc062723c751e8b465ee728b)  -> (artifact id: '1516af02787d2a418a199b7b3b531c20') in 0.219127 seconds
  Import took 0.221721 seconds .

========================================================================
Received Import Request.
  Time since last request: 46.553025 seconds.
  path: Assets/FalopaFran/Resources/DevsTools.prefab
  artifactKey: Guid(945648187539e3f4b88740e2d8738cfa) Importer(815301076,1909f56bfc062723c751e8b465ee728b)
Start importing Assets/FalopaFran/Resources/DevsTools.prefab using Guid(945648187539e3f4b88740e2d8738cfa) Importer(815301076,1909f56bfc062723c751e8b465ee728b)  -> (artifact id: '12189afb94020efa3fc026559573fd3b') in 0.022039 seconds
  Import took 0.026109 seconds .

========================================================================
Received Import Request.
  Time since last request: 3.723730 seconds.
  path: Assets/FalopaFran/Resources/Gameplay.prefab
  artifactKey: Guid(abc46577cedea9c428ec2f295a39066a) Importer(815301076,1909f56bfc062723c751e8b465ee728b)
Start importing Assets/FalopaFran/Resources/Gameplay.prefab using Guid(abc46577cedea9c428ec2f295a39066a) Importer(815301076,1909f56bfc062723c751e8b465ee728b)  -> (artifact id: '9bc7344e89433a982e3173f371e90eef') in 0.008794 seconds
  Import took 0.040546 seconds .

========================================================================
Received Prepare
Registering precompiled user dll's ...
Registered in 0.000493 seconds.
Begin MonoManager ReloadAssembly
Native extension for WindowsStandalone target not found
Refreshing native plugins compatible for Editor in 0.28 ms, found 0 plugins.
Preloading 0 native plugins for Editor in 0.00 ms.
Mono: successfully reloaded assembly
- Completed reload, in  0.939 seconds
Platform modules already initialized, skipping
Refreshing native plugins compatible for Editor in 0.39 ms, found 0 plugins.
Preloading 0 native plugins for Editor in 0.00 ms.
Unloading 1161 Unused Serialized files (Serialized files now loaded: 0)
System memory in use before: 87.4 MB.
System memory in use after: 87.5 MB.

Unloading 5 unused Assets to reduce memory usage. Loaded Objects now: 1641.
Total: 3.145149 ms (FindLiveObjects: 0.273003 ms CreateObjectMapping: 0.136662 ms MarkObjects: 2.676136 ms  DeleteObjects: 0.056140 ms)

========================================================================
Received Prepare
Registering precompiled user dll's ...
Registered in 0.000592 seconds.
Begin MonoManager ReloadAssembly
Native extension for WindowsStandalone target not found
Refreshing native plugins compatible for Editor in 0.25 ms, found 0 plugins.
Preloading 0 native plugins for Editor in 0.00 ms.
Mono: successfully reloaded assembly
- Completed reload, in  0.831 seconds
Platform modules already initialized, skipping
Refreshing native plugins compatible for Editor in 0.22 ms, found 0 plugins.
Preloading 0 native plugins for Editor in 0.00 ms.
Unloading 1161 Unused Serialized files (Serialized files now loaded: 0)
System memory in use before: 87.5 MB.
System memory in use after: 87.6 MB.

Unloading 4 unused Assets to reduce memory usage. Loaded Objects now: 1644.
Total: 2.585990 ms (FindLiveObjects: 0.149173 ms CreateObjectMapping: 0.042988 ms MarkObjects: 2.373298 ms  DeleteObjects: 0.018286 ms)

========================================================================
Received Prepare
Registering precompiled user dll's ...
Registered in 0.000540 seconds.
Begin MonoManager ReloadAssembly
Native extension for WindowsStandalone target not found
Refreshing native plugins compatible for Editor in 0.26 ms, found 0 plugins.
Preloading 0 native plugins for Editor in 0.00 ms.
Mono: successfully reloaded assembly
- Completed reload, in  1.031 seconds
Platform modules already initialized, skipping
Refreshing native plugins compatible for Editor in 0.20 ms, found 0 plugins.
Preloading 0 native plugins for Editor in 0.00 ms.
Unloading 1161 Unused Serialized files (Serialized files now loaded: 0)
System memory in use before: 87.5 MB.
System memory in use after: 87.6 MB.

Unloading 4 unused Assets to reduce memory usage. Loaded Objects now: 1647.
Total: 1.918079 ms (FindLiveObjects: 0.152702 ms CreateObjectMapping: 0.050045 ms MarkObjects: 1.689026 ms  DeleteObjects: 0.025023 ms)

========================================================================
Received Prepare
Registering precompiled user dll's ...
Registered in 0.000449 seconds.
Begin MonoManager ReloadAssembly
Native extension for WindowsStandalone target not found
Refreshing native plugins compatible for Editor in 0.21 ms, found 0 plugins.
Preloading 0 native plugins for Editor in 0.00 ms.
Mono: successfully reloaded assembly
- Completed reload, in  0.796 seconds
Platform modules already initialized, skipping
Refreshing native plugins compatible for Editor in 0.27 ms, found 0 plugins.
Preloading 0 native plugins for Editor in 0.00 ms.
Unloading 1161 Unused Serialized files (Serialized files now loaded: 0)
System memory in use before: 87.5 MB.
System memory in use after: 87.6 MB.

Unloading 4 unused Assets to reduce memory usage. Loaded Objects now: 1650.
Total: 2.403774 ms (FindLiveObjects: 0.200822 ms CreateObjectMapping: 0.086617 ms MarkObjects: 2.099012 ms  DeleteObjects: 0.015078 ms)

========================================================================
Received Prepare
Registering precompiled user dll's ...
Registered in 0.000492 seconds.
Begin MonoManager ReloadAssembly
Native extension for WindowsStandalone target not found
Refreshing native plugins compatible for Editor in 0.22 ms, found 0 plugins.
Preloading 0 native plugins for Editor in 0.00 ms.
Mono: successfully reloaded assembly
- Completed reload, in  0.924 seconds
Platform modules already initialized, skipping
Refreshing native plugins compatible for Editor in 0.26 ms, found 0 plugins.
Preloading 0 native plugins for Editor in 0.00 ms.
Unloading 1161 Unused Serialized files (Serialized files now loaded: 0)
System memory in use before: 87.5 MB.
System memory in use after: 87.6 MB.

Unloading 4 unused Assets to reduce memory usage. Loaded Objects now: 1653.
Total: 2.099012 ms (FindLiveObjects: 0.182216 ms CreateObjectMapping: 0.055499 ms MarkObjects: 1.832746 ms  DeleteObjects: 0.026947 ms)

========================================================================
Received Import Request.
  Time since last request: 384.511615 seconds.
  path: Assets/FalopaFran/Scripts/DummySpawner.cs
  artifactKey: Guid(9d390cb7043323d44931e0667b286412) Importer(815301076,1909f56bfc062723c751e8b465ee728b)
Start importing Assets/FalopaFran/Scripts/DummySpawner.cs using Guid(9d390cb7043323d44931e0667b286412) Importer(815301076,1909f56bfc062723c751e8b465ee728b)  -> (artifact id: 'b04d4a9c468a12bd5699187ebe7b1cac') in 0.018802 seconds
  Import took 0.021296 seconds .

========================================================================
Received Import Request.
  Time since last request: 0.000954 seconds.
  path: Assets/FalopaFran/Scripts/DummySpawner.cs
  artifactKey: Guid(9d390cb7043323d44931e0667b286412) Importer(815301076,1909f56bfc062723c751e8b465ee728b)
Start importing Assets/FalopaFran/Scripts/DummySpawner.cs using Guid(9d390cb7043323d44931e0667b286412) Importer(815301076,1909f56bfc062723c751e8b465ee728b)  -> (artifact id: 'b04d4a9c468a12bd5699187ebe7b1cac') in 0.004331 seconds
  Import took 0.006789 seconds .

========================================================================
Received Import Request.
  Time since last request: 8.551254 seconds.
  path: Assets/FalopaFran/Scripts/DummySpawner.cs
  artifactKey: Guid(9d390cb7043323d44931e0667b286412) Importer(815301076,1909f56bfc062723c751e8b465ee728b)
Start importing Assets/FalopaFran/Scripts/DummySpawner.cs using Guid(9d390cb7043323d44931e0667b286412) Importer(815301076,1909f56bfc062723c751e8b465ee728b)  -> (artifact id: '35d5069ec05054198c0d87641b42597c') in 0.036118 seconds
  Import took 0.046011 seconds .

========================================================================
Received Prepare
Registering precompiled user dll's ...
Registered in 0.000431 seconds.
Begin MonoManager ReloadAssembly
Native extension for WindowsStandalone target not found
Refreshing native plugins compatible for Editor in 0.21 ms, found 0 plugins.
Preloading 0 native plugins for Editor in 0.00 ms.
Mono: successfully reloaded assembly
- Completed reload, in  0.794 seconds
Platform modules already initialized, skipping
Refreshing native plugins compatible for Editor in 0.23 ms, found 0 plugins.
Preloading 0 native plugins for Editor in 0.00 ms.
Unloading 1161 Unused Serialized files (Serialized files now loaded: 0)
System memory in use before: 87.5 MB.
System memory in use after: 87.6 MB.

Unloading 4 unused Assets to reduce memory usage. Loaded Objects now: 1656.
Total: 1.902681 ms (FindLiveObjects: 0.142436 ms CreateObjectMapping: 0.041063 ms MarkObjects: 1.610750 ms  DeleteObjects: 0.107148 ms)

========================================================================
Received Prepare
Registering precompiled user dll's ...
Registered in 0.000463 seconds.
Begin MonoManager ReloadAssembly
Native extension for WindowsStandalone target not found
Refreshing native plugins compatible for Editor in 0.30 ms, found 0 plugins.
Preloading 0 native plugins for Editor in 0.00 ms.
Mono: successfully reloaded assembly
- Completed reload, in  0.850 seconds
Platform modules already initialized, skipping
Refreshing native plugins compatible for Editor in 0.21 ms, found 0 plugins.
Preloading 0 native plugins for Editor in 0.00 ms.
Unloading 1161 Unused Serialized files (Serialized files now loaded: 0)
System memory in use before: 87.5 MB.
System memory in use after: 87.6 MB.

Unloading 4 unused Assets to reduce memory usage. Loaded Objects now: 1659.
Total: 1.731372 ms (FindLiveObjects: 0.202747 ms CreateObjectMapping: 0.034005 ms MarkObjects: 1.480825 ms  DeleteObjects: 0.012511 ms)

========================================================================
Received Prepare
Registering precompiled user dll's ...
Registered in 0.000662 seconds.
Begin MonoManager ReloadAssembly
Native extension for WindowsStandalone target not found
Refreshing native plugins compatible for Editor in 0.31 ms, found 0 plugins.
Preloading 0 native plugins for Editor in 0.00 ms.
Mono: successfully reloaded assembly
- Completed reload, in  0.820 seconds
Platform modules already initialized, skipping
Refreshing native plugins compatible for Editor in 0.22 ms, found 0 plugins.
Preloading 0 native plugins for Editor in 0.00 ms.
Unloading 1161 Unused Serialized files (Serialized files now loaded: 0)
System memory in use before: 87.5 MB.
System memory in use after: 87.6 MB.

Unloading 4 unused Assets to reduce memory usage. Loaded Objects now: 1662.
Total: 3.431947 ms (FindLiveObjects: 0.161364 ms CreateObjectMapping: 0.039138 ms MarkObjects: 3.216368 ms  DeleteObjects: 0.013795 ms)
=======
Using monoOptions --debugger-agent=transport=dt_socket,embedding=1,server=y,suspend=n,address=127.0.0.1:56112
Begin MonoManager ReloadAssembly
Registering precompiled unity dll's ...
Register platform support module: C:/Program Files/Unity/Hub/Editor/2020.3.6f1/Editor/Data/PlaybackEngines/WindowsStandaloneSupport/UnityEditor.WindowsStandalone.Extensions.dll
Registered in 0.002176 seconds.
Native extension for WindowsStandalone target not found
Refreshing native plugins compatible for Editor in 27.84 ms, found 0 plugins.
Preloading 0 native plugins for Editor in 0.00 ms.
Mono: successfully reloaded assembly
- Completed reload, in  1.953 seconds
Platform modules already initialized, skipping
Registering precompiled user dll's ...
Registered in 0.000529 seconds.
Begin MonoManager ReloadAssembly
Native extension for WindowsStandalone target not found
Refreshing native plugins compatible for Editor in 0.19 ms, found 0 plugins.
Preloading 0 native plugins for Editor in 0.00 ms.
Mono: successfully reloaded assembly
- Completed reload, in  0.798 seconds
Platform modules already initialized, skipping
========================================================================
Worker process is ready to serve import requests
Launched and connected shader compiler UnityShaderCompiler.exe after 0.05 seconds
Refreshing native plugins compatible for Editor in 0.18 ms, found 0 plugins.
Preloading 0 native plugins for Editor in 0.00 ms.
Unloading 1146 Unused Serialized files (Serialized files now loaded: 0)
System memory in use before: 70.0 MB.
System memory in use after: 70.1 MB.

Unloading 9 unused Assets to reduce memory usage. Loaded Objects now: 1604.
Total: 1.773700 ms (FindLiveObjects: 0.162800 ms CreateObjectMapping: 0.039400 ms MarkObjects: 1.499900 ms  DeleteObjects: 0.070300 ms)

========================================================================
Received Import Request.
  path: Assets/Art/Biscochito golden nine.fbx
  artifactKey: Guid(f731b9c2963882945b21d7da2d0b7e88) Importer(815301076,1909f56bfc062723c751e8b465ee728b)
Start importing Assets/Art/Biscochito golden nine.fbx using Guid(f731b9c2963882945b21d7da2d0b7e88) Importer(815301076,1909f56bfc062723c751e8b465ee728b)  -> (artifact id: 'a15d636fb65417a18a9851bf857a0358') in 0.206385 seconds
  Import took 0.208897 seconds .

========================================================================
Received Import Request.
  Time since last request: 0.000392 seconds.
  path: Assets/Art/Robert the super mate.fbx
  artifactKey: Guid(96b9ba88e3693d44383150ab82995c9a) Importer(815301076,1909f56bfc062723c751e8b465ee728b)
Start importing Assets/Art/Robert the super mate.fbx using Guid(96b9ba88e3693d44383150ab82995c9a) Importer(815301076,1909f56bfc062723c751e8b465ee728b)  -> (artifact id: 'f91c882ac7aecd34e92ecd803da22a1f') in 0.067984 seconds
  Import took 0.069897 seconds .

========================================================================
Received Import Request.
  Time since last request: 55.442620 seconds.
  path: Assets/Art/Robert the super mate2 1.fbx
  artifactKey: Guid(adef59e97f815694db4f114e6a41d816) Importer(815301076,1909f56bfc062723c751e8b465ee728b)
Start importing Assets/Art/Robert the super mate2 1.fbx using Guid(adef59e97f815694db4f114e6a41d816) Importer(815301076,1909f56bfc062723c751e8b465ee728b)  -> (artifact id: 'cb09edbfba24b6207b61d2d9feabbd6e') in 0.097623 seconds
  Import took 0.101113 seconds .

========================================================================
Received Import Request.
  Time since last request: 0.000368 seconds.
  path: Assets/Art/Robert the super mate2.fbx
  artifactKey: Guid(5284eff6263d0db409de8f933c0c2b9b) Importer(815301076,1909f56bfc062723c751e8b465ee728b)
Start importing Assets/Art/Robert the super mate2.fbx using Guid(5284eff6263d0db409de8f933c0c2b9b) Importer(815301076,1909f56bfc062723c751e8b465ee728b)  -> (artifact id: '1a4da53da517d55c03ecfc50eb3991c4') in 0.061628 seconds
  Import took 0.067145 seconds .

========================================================================
Received Import Request.
  Time since last request: 8.245864 seconds.
  path: Assets/Art/Robert the super mate.fbx
  artifactKey: Guid(96b9ba88e3693d44383150ab82995c9a) Importer(815301076,1909f56bfc062723c751e8b465ee728b)
Start importing Assets/Art/Robert the super mate.fbx using Guid(96b9ba88e3693d44383150ab82995c9a) Importer(815301076,1909f56bfc062723c751e8b465ee728b)  -> (artifact id: '4457b58c3a14241141088e086ccefea8') in 0.093409 seconds
  Import took 0.101578 seconds .

========================================================================
Received Import Request.
  Time since last request: 21.884260 seconds.
  path: Assets/Art/Robert the super mate 1.fbx
  artifactKey: Guid(91107a89a947ae24da1e180bbd20f834) Importer(815301076,1909f56bfc062723c751e8b465ee728b)
Start importing Assets/Art/Robert the super mate 1.fbx using Guid(91107a89a947ae24da1e180bbd20f834) Importer(815301076,1909f56bfc062723c751e8b465ee728b)  -> (artifact id: 'a09cb9e862a6f1d2ea2a6e1ec6a3b00b') in 0.067191 seconds
  Import took 0.069326 seconds .

========================================================================
Received Import Request.
  Time since last request: 39.722946 seconds.
  path: Assets/Art/Robert the super mate 1.fbx
  artifactKey: Guid(91107a89a947ae24da1e180bbd20f834) Importer(815301076,1909f56bfc062723c751e8b465ee728b)
Start importing Assets/Art/Robert the super mate 1.fbx using Guid(91107a89a947ae24da1e180bbd20f834) Importer(815301076,1909f56bfc062723c751e8b465ee728b)  -> (artifact id: '6115ebbf1d47b7ec52c9d0851646ff66') in 0.052769 seconds
  Import took 0.055280 seconds .

========================================================================
Received Import Request.
  Time since last request: 41.626832 seconds.
  path: Assets/Art/Biscochito golden nine.fbx
  artifactKey: Guid(f731b9c2963882945b21d7da2d0b7e88) Importer(815301076,1909f56bfc062723c751e8b465ee728b)
Start importing Assets/Art/Biscochito golden nine.fbx using Guid(f731b9c2963882945b21d7da2d0b7e88) Importer(815301076,1909f56bfc062723c751e8b465ee728b)  -> (artifact id: '9c1c54d9272ee16078c72caeb0086fee') in 0.028652 seconds
  Import took 0.030571 seconds .
>>>>>>> Stashed changes

