Using pre-set license
Built from '2020.3/staging' branch; Version is '2020.3.6f1 (338bb68529b2) revision 3378102'; Using compiler version '192528614'; Build Type 'Release'
OS: 'Windows 8.1  (6.3.0) 64bit' Language: 'es' Physical Memory: 16299 MB
BatchMode: 1, IsHumanControllingUs: 0, StartBugReporterOnCrash: 0, Is64bit: 1, IsPro: 0

 COMMAND LINE ARGUMENTS:
C:\Program Files\Unity\Hub\Editor\2020.3.6f1\Editor\Unity.exe
-adb2
-batchMode
-noUpm
-name
AssetImportWorker0
-projectPath
P:/Carrera de VideoJuegos/CositasHaciendose/Super-Mate-Adventures
-logFile
Logs/AssetImportWorker0.log
-srvPort
55405
Successfully changed project path to: P:/Carrera de VideoJuegos/CositasHaciendose/Super-Mate-Adventures
P:/Carrera de VideoJuegos/CositasHaciendose/Super-Mate-Adventures
Using Asset Import Pipeline V2.
Refreshing native plugins compatible for Editor in 25.31 ms, found 0 plugins.
Preloading 0 native plugins for Editor in 0.00 ms.
Initialize engine version: 2020.3.6f1 (338bb68529b2)
[Subsystems] Discovering subsystems at path C:/Program Files/Unity/Hub/Editor/2020.3.6f1/Editor/Data/Resources/UnitySubsystems
[Subsystems] Discovering subsystems at path P:/Carrera de VideoJuegos/CositasHaciendose/Super-Mate-Adventures/Assets
GfxDevice: creating device client; threaded=0
d3d11: QueryInterface(IDXGIFactory5) failed (80004002).
Direct3D:
    Version:  Direct3D 11.0 [level 11.1]
    Renderer: NVIDIA GeForce GTX 970 (ID=0x13c2)
    Vendor:   
    VRAM:     3992 MB
    Driver:   27.21.14.6172
Initialize mono
Mono path[0] = 'C:/Program Files/Unity/Hub/Editor/2020.3.6f1/Editor/Data/Managed'
Mono path[1] = 'C:/Program Files/Unity/Hub/Editor/2020.3.6f1/Editor/Data/MonoBleedingEdge/lib/mono/unityjit'
Mono config path = 'C:/Program Files/Unity/Hub/Editor/2020.3.6f1/Editor/Data/MonoBleedingEdge/etc'
Using monoOptions --debugger-agent=transport=dt_socket,embedding=1,server=y,suspend=n,address=127.0.0.1:56416
Begin MonoManager ReloadAssembly
Registering precompiled unity dll's ...
Register platform support module: C:/Program Files/Unity/Hub/Editor/2020.3.6f1/Editor/Data/PlaybackEngines/WindowsStandaloneSupport/UnityEditor.WindowsStandalone.Extensions.dll
Registered in 0.001170 seconds.
Native extension for WindowsStandalone target not found
Refreshing native plugins compatible for Editor in 29.26 ms, found 0 plugins.
Preloading 0 native plugins for Editor in 0.00 ms.
Mono: successfully reloaded assembly
- Completed reload, in  1.576 seconds
Platform modules already initialized, skipping
Registering precompiled user dll's ...
Registered in 0.000502 seconds.
Begin MonoManager ReloadAssembly
Native extension for WindowsStandalone target not found
Refreshing native plugins compatible for Editor in 0.20 ms, found 0 plugins.
Preloading 0 native plugins for Editor in 0.00 ms.
Mono: successfully reloaded assembly
- Completed reload, in  0.859 seconds
Platform modules already initialized, skipping
========================================================================
Worker process is ready to serve import requests
Launched and connected shader compiler UnityShaderCompiler.exe after 0.02 seconds
Refreshing native plugins compatible for Editor in 0.21 ms, found 0 plugins.
Preloading 0 native plugins for Editor in 0.00 ms.
Unloading 1116 Unused Serialized files (Serialized files now loaded: 0)
System memory in use before: 57.0 MB.
System memory in use after: 57.1 MB.

Unloading 9 unused Assets to reduce memory usage. Loaded Objects now: 1559.
Total: 1.921608 ms (FindLiveObjects: 0.127038 ms CreateObjectMapping: 0.040421 ms MarkObjects: 1.640906 ms  DeleteObjects: 0.112923 ms)

========================================================================
Received Import Request.
  path: Assets/FalopaFran
  artifactKey: Guid(7f1e85959d592e0419300bfc6ceef79f) Importer(815301076,1909f56bfc062723c751e8b465ee728b)
Start importing Assets/FalopaFran using Guid(7f1e85959d592e0419300bfc6ceef79f) Importer(815301076,1909f56bfc062723c751e8b465ee728b)  -> (artifact id: '17c8a7cdbf070943e43b29991a162971') in 0.008382 seconds
  Import took 0.010197 seconds .

========================================================================
Received Import Request.
  Time since last request: 8.504911 seconds.
  path: Assets/FalopaFran/Scripts
  artifactKey: Guid(1564b5bdafc691144a1fe09da405d317) Importer(815301076,1909f56bfc062723c751e8b465ee728b)
Start importing Assets/FalopaFran/Scripts using Guid(1564b5bdafc691144a1fe09da405d317) Importer(815301076,1909f56bfc062723c751e8b465ee728b)  -> (artifact id: '396dd9337e6f2eda7732d7b0872347cd') in 0.007687 seconds
  Import took 0.009676 seconds .

========================================================================
Received Import Request.
  Time since last request: 16.613482 seconds.
  path: Assets/Scenes
  artifactKey: Guid(59a8c84662a2d01458055dfef40d01ce) Importer(815301076,1909f56bfc062723c751e8b465ee728b)
Start importing Assets/Scenes using Guid(59a8c84662a2d01458055dfef40d01ce) Importer(815301076,1909f56bfc062723c751e8b465ee728b)  -> (artifact id: '4d15bfcf4c572b09f6b73e28ac8ddaa6') in 0.013386 seconds
  Import took 0.017239 seconds .

========================================================================
Received Import Request.
  Time since last request: 8.198745 seconds.
  path: Assets/Scenes/GymFran.unity
  artifactKey: Guid(91306e2133885514f939e5e0af3a393c) Importer(815301076,1909f56bfc062723c751e8b465ee728b)
Start importing Assets/Scenes/GymFran.unity using Guid(91306e2133885514f939e5e0af3a393c) Importer(815301076,1909f56bfc062723c751e8b465ee728b)  -> (artifact id: '86e4ac376dfbc136c165585e159b6506') in 0.019669 seconds
  Import took 0.021658 seconds .

========================================================================
Received Import Request.
  Time since last request: 7.501718 seconds.
  path: Assets/Scenes/SampleScene.unity
  artifactKey: Guid(9fc0d4010bbf28b4594072e72b8655ab) Importer(815301076,1909f56bfc062723c751e8b465ee728b)
Start importing Assets/Scenes/SampleScene.unity using Guid(9fc0d4010bbf28b4594072e72b8655ab) Importer(815301076,1909f56bfc062723c751e8b465ee728b)  -> (artifact id: 'a52e64d690831dac88f366c099af1e92') in 0.007141 seconds
  Import took 0.009131 seconds .

========================================================================
Received Import Request.
  Time since last request: 7.375559 seconds.
  path: Assets/Scenes/MovementTest.unity
  artifactKey: Guid(91306e2133885514f939e5e0af3a393c) Importer(815301076,1909f56bfc062723c751e8b465ee728b)
Start importing Assets/Scenes/MovementTest.unity using Guid(91306e2133885514f939e5e0af3a393c) Importer(815301076,1909f56bfc062723c751e8b465ee728b)  -> (artifact id: '7ad3650c33d60b611ecc3b9f95e6374f') in 0.008182 seconds
  Import took 0.010473 seconds .

========================================================================
Received Import Request.
  Time since last request: 50.948479 seconds.
  path: Assets/FalopaFran/Floor.mat
  artifactKey: Guid(160200b14161ac144a3d51a7780be0d5) Importer(815301076,1909f56bfc062723c751e8b465ee728b)
Start importing Assets/FalopaFran/Floor.mat using Guid(160200b14161ac144a3d51a7780be0d5) Importer(815301076,1909f56bfc062723c751e8b465ee728b)  -> (artifact id: '9fcc2d506255ba4898df76df2cf7b88d') in 0.134942 seconds
  Import took 0.137443 seconds .

========================================================================
Received Import Request.
  Time since last request: 30.702030 seconds.
  path: Assets/New Terrain.asset
  artifactKey: Guid(8f3045a8f887aee4aa588b3967374d1e) Importer(815301076,1909f56bfc062723c751e8b465ee728b)
Start importing Assets/New Terrain.asset using Guid(8f3045a8f887aee4aa588b3967374d1e) Importer(815301076,1909f56bfc062723c751e8b465ee728b)  -> (artifact id: '69ad029685ac42cadabcbcfbc93a9f89') in 0.036885 seconds
  Import took 0.039164 seconds .

========================================================================
Received Import Request.
  Time since last request: 0.001917 seconds.
  path: Assets/New Terrain.asset
  artifactKey: Guid(8f3045a8f887aee4aa588b3967374d1e) Importer(815301076,1909f56bfc062723c751e8b465ee728b)
Start importing Assets/New Terrain.asset using Guid(8f3045a8f887aee4aa588b3967374d1e) Importer(815301076,1909f56bfc062723c751e8b465ee728b)  -> (artifact id: '69ad029685ac42cadabcbcfbc93a9f89') in 0.009218 seconds
  Import took 0.011750 seconds .

========================================================================
Received Import Request.
  Time since last request: 381.892215 seconds.
  path: Assets/FalopaFran/Scripts/CharController.cs
  artifactKey: Guid(e1cc30a4fe33450419b1f7051037e082) Importer(815301076,1909f56bfc062723c751e8b465ee728b)
Start importing Assets/FalopaFran/Scripts/CharController.cs using Guid(e1cc30a4fe33450419b1f7051037e082) Importer(815301076,1909f56bfc062723c751e8b465ee728b)  -> (artifact id: '1419cfa5e15f25f6e2f4a9582b82eb10') in 0.024713 seconds
  Import took 0.027390 seconds .

========================================================================
Received Prepare
Registering precompiled user dll's ...
Registered in 0.000410 seconds.
Begin MonoManager ReloadAssembly
Native extension for WindowsStandalone target not found
Refreshing native plugins compatible for Editor in 0.28 ms, found 0 plugins.
Preloading 0 native plugins for Editor in 0.00 ms.
Mono: successfully reloaded assembly
- Completed reload, in  0.822 seconds
Platform modules already initialized, skipping
Refreshing native plugins compatible for Editor in 0.21 ms, found 0 plugins.
Preloading 0 native plugins for Editor in 0.00 ms.
Unloading 1111 Unused Serialized files (Serialized files now loaded: 0)
System memory in use before: 61.1 MB.
System memory in use after: 60.6 MB.

Unloading 6 unused Assets to reduce memory usage. Loaded Objects now: 1604.
Total: 2.326782 ms (FindLiveObjects: 0.129925 ms CreateObjectMapping: 0.051970 ms MarkObjects: 1.687101 ms  DeleteObjects: 0.456502 ms)

========================================================================
Received Import Request.
  Time since last request: 208.945872 seconds.
  path: Assets/FalopaFran/Scripts/CharController.cs
  artifactKey: Guid(e1cc30a4fe33450419b1f7051037e082) Importer(815301076,1909f56bfc062723c751e8b465ee728b)
Start importing Assets/FalopaFran/Scripts/CharController.cs using Guid(e1cc30a4fe33450419b1f7051037e082) Importer(815301076,1909f56bfc062723c751e8b465ee728b)  -> (artifact id: '892d67be61275811237644ab620b8fbb') in 0.008249 seconds
  Import took 0.010662 seconds .

========================================================================
Received Import Request.
  Time since last request: 0.004040 seconds.
  path: Assets/FalopaFran/Scripts/CharController.cs
  artifactKey: Guid(e1cc30a4fe33450419b1f7051037e082) Importer(815301076,1909f56bfc062723c751e8b465ee728b)
Start importing Assets/FalopaFran/Scripts/CharController.cs using Guid(e1cc30a4fe33450419b1f7051037e082) Importer(815301076,1909f56bfc062723c751e8b465ee728b)  -> (artifact id: '892d67be61275811237644ab620b8fbb') in 0.003014 seconds
  Import took 0.005949 seconds .

========================================================================
Received Prepare
Registering precompiled user dll's ...
Registered in 0.000414 seconds.
Begin MonoManager ReloadAssembly
Native extension for WindowsStandalone target not found
Refreshing native plugins compatible for Editor in 0.20 ms, found 0 plugins.
Preloading 0 native plugins for Editor in 0.00 ms.
Mono: successfully reloaded assembly
- Completed reload, in  0.784 seconds
Platform modules already initialized, skipping
Refreshing native plugins compatible for Editor in 0.19 ms, found 0 plugins.
Preloading 0 native plugins for Editor in 0.00 ms.
Unloading 1111 Unused Serialized files (Serialized files now loaded: 0)
System memory in use before: 60.6 MB.
System memory in use after: 60.7 MB.

Unloading 4 unused Assets to reduce memory usage. Loaded Objects now: 1607.
Total: 1.600164 ms (FindLiveObjects: 0.131529 ms CreateObjectMapping: 0.034967 ms MarkObjects: 1.406399 ms  DeleteObjects: 0.026306 ms)

========================================================================
Received Import Request.
  Time since last request: 197.254119 seconds.
  path: Assets/FalopaFran/Scripts/CharController.cs
  artifactKey: Guid(e1cc30a4fe33450419b1f7051037e082) Importer(815301076,1909f56bfc062723c751e8b465ee728b)
Start importing Assets/FalopaFran/Scripts/CharController.cs using Guid(e1cc30a4fe33450419b1f7051037e082) Importer(815301076,1909f56bfc062723c751e8b465ee728b)  -> (artifact id: 'b489196fe598cd4969f753c876b4f7f5') in 0.007691 seconds
  Import took 0.010245 seconds .

========================================================================
Received Import Request.
  Time since last request: 0.063835 seconds.
  path: Assets/FalopaFran/Scripts/CharController.cs
  artifactKey: Guid(e1cc30a4fe33450419b1f7051037e082) Importer(815301076,1909f56bfc062723c751e8b465ee728b)
Start importing Assets/FalopaFran/Scripts/CharController.cs using Guid(e1cc30a4fe33450419b1f7051037e082) Importer(815301076,1909f56bfc062723c751e8b465ee728b)  -> (artifact id: 'b489196fe598cd4969f753c876b4f7f5') in 0.017531 seconds
  Import took 0.020204 seconds .

========================================================================
Received Prepare
Registering precompiled user dll's ...
Registered in 0.000450 seconds.
Begin MonoManager ReloadAssembly
Native extension for WindowsStandalone target not found
Refreshing native plugins compatible for Editor in 0.20 ms, found 0 plugins.
Preloading 0 native plugins for Editor in 0.00 ms.
Mono: successfully reloaded assembly
- Completed reload, in  0.817 seconds
Platform modules already initialized, skipping
Refreshing native plugins compatible for Editor in 0.21 ms, found 0 plugins.
Preloading 0 native plugins for Editor in 0.00 ms.
Unloading 1111 Unused Serialized files (Serialized files now loaded: 0)
System memory in use before: 60.6 MB.
System memory in use after: 60.7 MB.

Unloading 4 unused Assets to reduce memory usage. Loaded Objects now: 1610.
Total: 1.775322 ms (FindLiveObjects: 0.136662 ms CreateObjectMapping: 0.041704 ms MarkObjects: 1.580595 ms  DeleteObjects: 0.014757 ms)

========================================================================
Received Import Request.
  Time since last request: 21.801928 seconds.
  path: Assets/FalopaFran/Scripts/CharController.cs
  artifactKey: Guid(e1cc30a4fe33450419b1f7051037e082) Importer(815301076,1909f56bfc062723c751e8b465ee728b)
Start importing Assets/FalopaFran/Scripts/CharController.cs using Guid(e1cc30a4fe33450419b1f7051037e082) Importer(815301076,1909f56bfc062723c751e8b465ee728b)  -> (artifact id: 'e2e1e8973b05b7a1d373f9fd4cd63b76') in 0.008803 seconds
  Import took 0.012024 seconds .

========================================================================
Received Import Request.
  Time since last request: 0.053262 seconds.
  path: Assets/FalopaFran/Scripts/CharController.cs
  artifactKey: Guid(e1cc30a4fe33450419b1f7051037e082) Importer(815301076,1909f56bfc062723c751e8b465ee728b)
Start importing Assets/FalopaFran/Scripts/CharController.cs using Guid(e1cc30a4fe33450419b1f7051037e082) Importer(815301076,1909f56bfc062723c751e8b465ee728b)  -> (artifact id: 'e2e1e8973b05b7a1d373f9fd4cd63b76') in 0.006203 seconds
  Import took 0.010184 seconds .

========================================================================
Received Prepare
Registering precompiled user dll's ...
Registered in 0.000434 seconds.
Begin MonoManager ReloadAssembly
Native extension for WindowsStandalone target not found
Refreshing native plugins compatible for Editor in 0.22 ms, found 0 plugins.
Preloading 0 native plugins for Editor in 0.00 ms.
Mono: successfully reloaded assembly
- Completed reload, in  0.935 seconds
Platform modules already initialized, skipping
Refreshing native plugins compatible for Editor in 0.20 ms, found 0 plugins.
Preloading 0 native plugins for Editor in 0.00 ms.
Unloading 1111 Unused Serialized files (Serialized files now loaded: 0)
System memory in use before: 60.6 MB.
System memory in use after: 60.7 MB.

Unloading 4 unused Assets to reduce memory usage. Loaded Objects now: 1613.
Total: 1.578670 ms (FindLiveObjects: 0.146607 ms CreateObjectMapping: 0.042025 ms MarkObjects: 1.361807 ms  DeleteObjects: 0.026947 ms)

========================================================================
Received Import Request.
  Time since last request: 204.153890 seconds.
  path: Assets/FalopaFran/Scripts/CharController.cs
  artifactKey: Guid(e1cc30a4fe33450419b1f7051037e082) Importer(815301076,1909f56bfc062723c751e8b465ee728b)
Start importing Assets/FalopaFran/Scripts/CharController.cs using Guid(e1cc30a4fe33450419b1f7051037e082) Importer(815301076,1909f56bfc062723c751e8b465ee728b)  -> (artifact id: 'f572e4d30312ce3a1a0405bdc95ffdd5') in 0.007047 seconds
  Import took 0.009617 seconds .

========================================================================
Received Import Request.
  Time since last request: 0.000572 seconds.
  path: Assets/FalopaFran/Scripts/CharController.cs
  artifactKey: Guid(e1cc30a4fe33450419b1f7051037e082) Importer(815301076,1909f56bfc062723c751e8b465ee728b)
Start importing Assets/FalopaFran/Scripts/CharController.cs using Guid(e1cc30a4fe33450419b1f7051037e082) Importer(815301076,1909f56bfc062723c751e8b465ee728b)  -> (artifact id: 'f572e4d30312ce3a1a0405bdc95ffdd5') in 0.003024 seconds
  Import took 0.026515 seconds .

========================================================================
Received Prepare
Registering precompiled user dll's ...
Registered in 0.000543 seconds.
Begin MonoManager ReloadAssembly
Native extension for WindowsStandalone target not found
Refreshing native plugins compatible for Editor in 0.22 ms, found 0 plugins.
Preloading 0 native plugins for Editor in 0.00 ms.
Mono: successfully reloaded assembly
- Completed reload, in  0.961 seconds
Platform modules already initialized, skipping
Refreshing native plugins compatible for Editor in 0.20 ms, found 0 plugins.
Preloading 0 native plugins for Editor in 0.00 ms.
Unloading 1111 Unused Serialized files (Serialized files now loaded: 0)
System memory in use before: 60.6 MB.
System memory in use after: 60.7 MB.

Unloading 4 unused Assets to reduce memory usage. Loaded Objects now: 1616.
Total: 1.766660 ms (FindLiveObjects: 0.131850 ms CreateObjectMapping: 0.049404 ms MarkObjects: 1.567121 ms  DeleteObjects: 0.016682 ms)

========================================================================
Received Import Request.
  Time since last request: 44.116023 seconds.
  path: Assets/FalopaFran/Scripts/CharController.cs
  artifactKey: Guid(e1cc30a4fe33450419b1f7051037e082) Importer(815301076,1909f56bfc062723c751e8b465ee728b)
Start importing Assets/FalopaFran/Scripts/CharController.cs using Guid(e1cc30a4fe33450419b1f7051037e082) Importer(815301076,1909f56bfc062723c751e8b465ee728b)  -> (artifact id: 'bbc57ad9f584a625817911c024a0dfbf') in 0.012478 seconds
  Import took 0.014992 seconds .

========================================================================
Received Import Request.
  Time since last request: 0.054808 seconds.
  path: Assets/FalopaFran/Scripts/CharController.cs
  artifactKey: Guid(e1cc30a4fe33450419b1f7051037e082) Importer(815301076,1909f56bfc062723c751e8b465ee728b)
Start importing Assets/FalopaFran/Scripts/CharController.cs using Guid(e1cc30a4fe33450419b1f7051037e082) Importer(815301076,1909f56bfc062723c751e8b465ee728b)  -> (artifact id: 'bbc57ad9f584a625817911c024a0dfbf') in 0.009015 seconds
  Import took 0.012316 seconds .

========================================================================
Received Prepare
Registering precompiled user dll's ...
Registered in 0.000433 seconds.
Begin MonoManager ReloadAssembly
Native extension for WindowsStandalone target not found
Refreshing native plugins compatible for Editor in 0.20 ms, found 0 plugins.
Preloading 0 native plugins for Editor in 0.00 ms.
Mono: successfully reloaded assembly
- Completed reload, in  0.822 seconds
Platform modules already initialized, skipping
Refreshing native plugins compatible for Editor in 0.30 ms, found 0 plugins.
Preloading 0 native plugins for Editor in 0.00 ms.
Unloading 1111 Unused Serialized files (Serialized files now loaded: 0)
System memory in use before: 60.6 MB.
System memory in use after: 60.7 MB.

Unloading 4 unused Assets to reduce memory usage. Loaded Objects now: 1619.
Total: 1.628715 ms (FindLiveObjects: 0.143399 ms CreateObjectMapping: 0.039780 ms MarkObjects: 1.432705 ms  DeleteObjects: 0.011549 ms)

========================================================================
Received Prepare
Registering precompiled user dll's ...
Registered in 0.000482 seconds.
Begin MonoManager ReloadAssembly
Native extension for WindowsStandalone target not found
Refreshing native plugins compatible for Editor in 0.20 ms, found 0 plugins.
Preloading 0 native plugins for Editor in 0.00 ms.
Mono: successfully reloaded assembly
- Completed reload, in  0.795 seconds
Platform modules already initialized, skipping
Refreshing native plugins compatible for Editor in 0.23 ms, found 0 plugins.
Preloading 0 native plugins for Editor in 0.00 ms.
Unloading 1111 Unused Serialized files (Serialized files now loaded: 0)
System memory in use before: 60.7 MB.
System memory in use after: 60.8 MB.

Unloading 4 unused Assets to reduce memory usage. Loaded Objects now: 1622.
Total: 1.538570 ms (FindLiveObjects: 0.129925 ms CreateObjectMapping: 0.063198 ms MarkObjects: 1.319461 ms  DeleteObjects: 0.025023 ms)

========================================================================
Received Prepare
Registering precompiled user dll's ...
Registered in 0.000600 seconds.
Begin MonoManager ReloadAssembly
Native extension for WindowsStandalone target not found
Refreshing native plugins compatible for Editor in 0.25 ms, found 0 plugins.
Preloading 0 native plugins for Editor in 0.00 ms.
Mono: successfully reloaded assembly
- Completed reload, in  0.848 seconds
Platform modules already initialized, skipping
Refreshing native plugins compatible for Editor in 0.22 ms, found 0 plugins.
Preloading 0 native plugins for Editor in 0.00 ms.
Unloading 1111 Unused Serialized files (Serialized files now loaded: 0)
System memory in use before: 60.7 MB.
System memory in use after: 60.8 MB.

Unloading 4 unused Assets to reduce memory usage. Loaded Objects now: 1625.
Total: 1.716936 ms (FindLiveObjects: 0.134737 ms CreateObjectMapping: 0.038817 ms MarkObjects: 1.529587 ms  DeleteObjects: 0.012511 ms)

